<?xml version="1.0" encoding="UTF-8"?>
<!-- Generated by org.testng.reporters.JUnitReportReporter -->
<testsuite hostname="NEKM-LAP" name="test.NewTest" tests="1" failures="0" timestamp="25 May 2021 16:42:26 GMT" time="36.074" errors="0">
  <testcase name="openMyBlog" time="36.074" classname="test.NewTest"/>
</testsuite> <!-- test.NewTest -->
